[ROBSTATE] cyc=0 head=0 tail=0 empty=1 full=0
[F1F2] cyc=0 f1_pc=0000000080000000 f1_v=1 f2_pc=0000000000000000 f2_v=0 ic_v=0 ic_d[63:0]=0000000000000000
[ICST] cyc=0 state=0 miss_addr=0000000000000000 fill_v=0 fill_d[63:0]=0000000000000000
[F1F2] cyc=1 f1_pc=0000000080000000 f1_v=1 f2_pc=0000000080000000 f2_v=1 ic_v=0 ic_d[63:0]=0000000000000000
[ICST] cyc=1 state=1 miss_addr=0000000080000000 fill_v=0 fill_d[63:0]=0000000000000000
[F1F2] cyc=2 f1_pc=0000000080000000 f1_v=1 f2_pc=0000000080000000 f2_v=1 ic_v=0 ic_d[63:0]=0000000000000000
[ICST] cyc=2 state=1 miss_addr=0000000080000000 fill_v=0 fill_d[63:0]=0000000000000000
[F1F2] cyc=3 f1_pc=0000000080000000 f1_v=1 f2_pc=0000000080000000 f2_v=1 ic_v=0 ic_d[63:0]=0000000000000000
[ICST] cyc=3 state=1 miss_addr=0000000080000000 fill_v=1 fill_d[63:0]=8011011b00001137
[F1F2] cyc=4 f1_pc=0000000080000000 f1_v=1 f2_pc=0000000080000000 f2_v=1 ic_v=1 ic_d[63:0]=8011011b00001137
[ICST] cyc=4 state=0 miss_addr=0000000080000000 fill_v=0 fill_d[63:0]=0000000000000000
[FETCH0] cyc=5 pc=0000000080000000 insn=00001137 is_rvc=0
[FETCH1] cyc=5 pc=0000000080000004 insn=8011011b is_rvc=0
[FETCH2] cyc=5 pc=0000000080000008 insn=01411113 is_rvc=1
[FETCH3] cyc=5 pc=000000008000000a insn=ff010113 is_rvc=1
[FETCH4] cyc=5 pc=000000008000000c insn=00004517 is_rvc=0
[FETCH5] cyc=5 pc=0000000080000010 insn=79450513 is_rvc=0
[F1F2] cyc=5 f1_pc=0000000080000014 f1_v=1 f2_pc=0000000080000000 f2_v=1 ic_v=1 ic_d[63:0]=8011011b00001137
[ICST] cyc=5 state=0 miss_addr=0000000080000000 fill_v=0 fill_d[63:0]=0000000000000000
[F1F2] cyc=6 f1_pc=0000000080000014 f1_v=1 f2_pc=0000000080000014 f2_v=1 ic_v=1 ic_d[63:0]=8011011b00001137
[ICST] cyc=6 state=0 miss_addr=0000000080000000 fill_v=0 fill_d[63:0]=0000000000000000
[FETCH0] cyc=7 pc=0000000080000014 insn=00004597 is_rvc=0
[FETCH1] cyc=7 pc=0000000080000018 insn=79c58593 is_rvc=0
[FETCH2] cyc=7 pc=000000008000001c insn=28b57063 is_rvc=0
[FETCH3] cyc=7 pc=0000000080000020 insn=00053023 is_rvc=0
[FETCH4] cyc=7 pc=0000000080000024 insn=00850513 is_rvc=1
[FETCH5] cyc=7 pc=0000000080000026 insn=26b57b63 is_rvc=0
[F1F2] cyc=7 f1_pc=000000008000002a f1_v=1 f2_pc=0000000080000014 f2_v=1 ic_v=1 ic_d[63:0]=8011011b00001137
[ICST] cyc=7 state=0 miss_addr=0000000080000000 fill_v=0 fill_d[63:0]=0000000000000000
[ALU0] cyc=8 pc=0000000080000000 opa=0000000000000000 opb=0000000000000801 op=10 is_w=0 use_imm=1 imm=0000000000000801
[ALU1] cyc=8 pc=000000008000000c opa=000000008000000c opb=0000000000004794 op=11 is_w=0 use_imm=1 imm=0000000000004794
[F1F2] cyc=8 f1_pc=000000008000002a f1_v=1 f2_pc=000000008000002a f2_v=1 ic_v=1 ic_d[63:0]=8011011b00001137
[ICST] cyc=8 state=0 miss_addr=0000000080000000 fill_v=0 fill_d[63:0]=0000000000000000
[ALU2] cyc=9 pc=0000000080000008 opa=0000000000000801 opb=0000000000000014 op=7 is_w=0 use_imm=1 imm=0000000000000014
[FETCH0] cyc=9 pc=000000008000002a insn=00053023 is_rvc=0
[FETCH1] cyc=9 pc=000000008000002e insn=00850513 is_rvc=1
[FETCH2] cyc=9 pc=0000000080000030 insn=26b57663 is_rvc=0
[FETCH3] cyc=9 pc=0000000080000034 insn=00053023 is_rvc=0
[FETCH4] cyc=9 pc=0000000080000038 insn=00850513 is_rvc=1
[FETCH5] cyc=9 pc=000000008000003a insn=26b57163 is_rvc=0
[F1F2] cyc=9 f1_pc=000000008000003e f1_v=1 f2_pc=000000008000002a f2_v=1 ic_v=1 ic_d[63:0]=8011011b00001137
[ICST] cyc=9 state=0 miss_addr=0000000080000000 fill_v=0 fill_d[63:0]=0000000000000000
[CPC] cyc=10 slot=0 pc=0000000080000000 br=0 mis=0
[ALU2] cyc=10 pc=0000000080000014 opa=0000000080000014 opb=000000000000479c op=11 is_w=0 use_imm=1 imm=000000000000479c
[ALU3] cyc=10 pc=000000008000000a opa=0000000080100000 opb=fffffffffffffff0 op=0 is_w=0 use_imm=1 imm=fffffffffffffff0
[STISS] cyc=10 pc=0000000080000020 rs1=00000000800047a0 rs2=0000000000000000 imm=0000000000000000 size=3
[F1F2] cyc=10 f1_pc=000000008000003e f1_v=1 f2_pc=000000008000003e f2_v=1 ic_v=1 ic_d[63:0]=8011011b00001137
[ICST] cyc=10 state=0 miss_addr=0000000080000000 fill_v=0 fill_d[63:0]=0000000000000000
[CPC] cyc=11 slot=0 pc=0000000080000008 br=0 mis=0
[ALU3] cyc=11 pc=0000000080000024 opa=00000000800047a0 opb=0000000000000008 op=0 is_w=0 use_imm=1 imm=0000000000000008
[F1F2] cyc=11 f1_pc=0000000080000040 f1_v=1 f2_pc=000000008000003e f2_v=1 ic_v=1 ic_d[63:0]=8011011b00001137
[ICST] cyc=11 state=0 miss_addr=0000000080000000 fill_v=1 fill_d[63:0]=8011011b00001137
[CPC] cyc=12 slot=0 pc=000000008000000a br=0 mis=0
[CPC] cyc=12 slot=1 pc=000000008000000c br=0 mis=0
[CPC] cyc=12 slot=2 pc=0000000080000014 br=0 mis=0
[ALU1] cyc=12 pc=000000008000002e opa=00000000800047a8 opb=0000000000000008 op=0 is_w=0 use_imm=1 imm=0000000000000008
[STISS] cyc=12 pc=000000008000002a rs1=00000000800047a8 rs2=0000000000000000 imm=0000000000000000 size=3
[F1F2] cyc=12 f1_pc=0000000080000040 f1_v=1 f2_pc=0000000080000040 f2_v=1 ic_v=0 ic_d[63:0]=0000000000000000
[ICST] cyc=12 state=1 miss_addr=0000000080000040 fill_v=0 fill_d[63:0]=0000000000000000
[CPC] cyc=13 slot=0 pc=000000008000001c br=1 mis=0
[CPC] cyc=13 slot=1 pc=0000000080000020 br=0 mis=0
[CPC] cyc=13 slot=2 pc=0000000080000024 br=0 mis=0
[ALU2] cyc=13 pc=0000000080000038 opa=00000000800047b0 opb=0000000000000008 op=0 is_w=0 use_imm=1 imm=0000000000000008
[STISS] cyc=13 pc=0000000080000034 rs1=00000000800047b0 rs2=0000000000000000 imm=0000000000000000 size=3
[F1F2] cyc=13 f1_pc=0000000080000040 f1_v=1 f2_pc=0000000080000040 f2_v=1 ic_v=0 ic_d[63:0]=0000000000000000
[ICST] cyc=13 state=1 miss_addr=0000000080000040 fill_v=0 fill_d[63:0]=0000000000000000
[CPC] cyc=14 slot=0 pc=0000000080000026 br=1 mis=0
[CPC] cyc=14 slot=1 pc=000000008000002a br=0 mis=0
[CPC] cyc=14 slot=2 pc=000000008000002e br=0 mis=0
[F1F2] cyc=14 f1_pc=0000000080000040 f1_v=1 f2_pc=0000000080000040 f2_v=1 ic_v=0 ic_d[63:0]=0000000000000000
[ICST] cyc=14 state=1 miss_addr=0000000080000040 fill_v=1 fill_d[63:0]=24b57c6305210005
[CPC] cyc=15 slot=0 pc=0000000080000030 br=1 mis=1
[FLUSH] cyc=15 redirect_pc=000000008000029c full=1
[F1F2] cyc=15 f1_pc=0000000080000040 f1_v=1 f2_pc=0000000080000040 f2_v=1 ic_v=1 ic_d[63:0]=24b57c6305210005
[ICST] cyc=15 state=0 miss_addr=0000000080000040 fill_v=0 fill_d[63:0]=0000000000000000
[F1F2] cyc=16 f1_pc=000000008000029c f1_v=1 f2_pc=0000000080000040 f2_v=0 ic_v=1 ic_d[63:0]=24b57c6305210005
[ICST] cyc=16 state=0 miss_addr=0000000080000040 fill_v=0 fill_d[63:0]=0000000000000000
[F1F2] cyc=17 f1_pc=000000008000029c f1_v=1 f2_pc=000000008000029c f2_v=1 ic_v=0 ic_d[63:0]=0000000000000000
[ICST] cyc=17 state=1 miss_addr=000000008000029c fill_v=0 fill_d[63:0]=0000000000000000
[F1F2] cyc=18 f1_pc=000000008000029c f1_v=1 f2_pc=000000008000029c f2_v=1 ic_v=0 ic_d[63:0]=0000000000000000
[ICST] cyc=18 state=1 miss_addr=000000008000029c fill_v=0 fill_d[63:0]=0000000000000000
[F1F2] cyc=19 f1_pc=000000008000029c f1_v=1 f2_pc=000000008000029c f2_v=1 ic_v=0 ic_d[63:0]=0000000000000000
[ICST] cyc=19 state=1 miss_addr=000000008000029c fill_v=1 fill_d[63:0]=05210005302300b5
[F1F2] cyc=20 f1_pc=000000008000029c f1_v=1 f2_pc=000000008000029c f2_v=1 ic_v=1 ic_d[63:0]=05210005302300b5
[ICST] cyc=20 state=0 miss_addr=000000008000029c fill_v=0 fill_d[63:0]=0000000000000000
[FETCH0] cyc=21 pc=000000008000029c insn=46e020ef is_rvc=0
[FETCH1] cyc=21 pc=00000000800002a0 insn=000802b7 is_rvc=0
[FETCH2] cyc=21 pc=00000000800002a4 insn=0012829b is_rvc=1
[FETCH3] cyc=21 pc=00000000800002a6 insn=00c29293 is_rvc=1
[FETCH4] cyc=21 pc=00000000800002a8 insn=00100313 is_rvc=1
[FETCH5] cyc=21 pc=00000000800002aa insn=0062b023 is_rvc=0
[F1F2] cyc=21 f1_pc=00000000800002ae f1_v=1 f2_pc=000000008000029c f2_v=1 ic_v=1 ic_d[63:0]=05210005302300b5
[ICST] cyc=21 state=0 miss_addr=000000008000029c fill_v=0 fill_d[63:0]=00000000800043c0
[DCFILL] cyc=22 addr=0000000080004780 data[0..63]=00000000800043c0 data[192..255]=0000000000000000
[F1F2] cyc=22 f1_pc=00000000800002ae f1_v=1 f2_pc=00000000800002ae f2_v=1 ic_v=1 ic_d[63:0]=05210005302300b5
[ICST] cyc=22 state=0 miss_addr=000000008000029c fill_v=1 fill_d[63:0]=24b57c6305210005
[FETCH0] cyc=23 pc=00000000800002ae insn=0000006f is_rvc=1
[FETCH1] cyc=23 pc=00000000800002b0 insn=00000000 is_rvc=1
[FETCH2] cyc=23 pc=00000000800002b2 insn=00000000 is_rvc=1
[FETCH3] cyc=23 pc=00000000800002b4 insn=00000000 is_rvc=1
[FETCH4] cyc=23 pc=00000000800002b6 insn=00000000 is_rvc=1
[FETCH5] cyc=23 pc=00000000800002b8 insn=00000000 is_rvc=1
[F1F2] cyc=23 f1_pc=00000000800002ba f1_v=1 f2_pc=00000000800002ae f2_v=1 ic_v=1 ic_d[63:0]=05210005302300b5
[ICST] cyc=23 state=0 miss_addr=000000008000029c fill_v=0 fill_d[63:0]=0000000000000000
[ALU1] cyc=24 pc=00000000800002a0 opa=0000000000000000 opb=0000000000080001 op=10 is_w=0 use_imm=1 imm=0000000000080001
[ALU3] cyc=24 pc=00000000800002a8 opa=0000000000000000 opb=0000000000000001 op=0 is_w=0 use_imm=1 imm=0000000000000001
[F1F2] cyc=24 f1_pc=00000000800002ba f1_v=1 f2_pc=00000000800002ba f2_v=1 ic_v=1 ic_d[63:0]=05210005302300b5
[ICST] cyc=24 state=0 miss_addr=000000008000029c fill_v=0 fill_d[63:0]=0000000000000000
[ALU2] cyc=25 pc=00000000800002a6 opa=0000000000080001 opb=000000000000000c op=7 is_w=0 use_imm=1 imm=000000000000000c
[FETCH0] cyc=25 pc=00000000800002ba insn=00000000 is_rvc=1
[FETCH1] cyc=25 pc=00000000800002bc insn=00000000 is_rvc=1
[FETCH2] cyc=25 pc=00000000800002be insn=00000000 is_rvc=1
[F1F2] cyc=25 f1_pc=00000000800002c0 f1_v=1 f2_pc=00000000800002ba f2_v=1 ic_v=1 ic_d[63:0]=05210005302300b5
[ICST] cyc=25 state=0 miss_addr=000000008000029c fill_v=0 fill_d[63:0]=0000000000000000
[CPC] cyc=26 slot=0 pc=000000008000029c br=0 mis=1
[FLUSH] cyc=26 redirect_pc=000000008000270a full=1
[ALU1] cyc=26 pc=00000000800002b0 opa=0000000000000000 opb=0000000000000000 op=0 is_w=0 use_imm=0 imm=0000000000000000
[ALU2] cyc=26 pc=00000000800002b2 opa=0000000000000000 opb=0000000000000000 op=0 is_w=0 use_imm=0 imm=0000000000000000
[ALU3] cyc=26 pc=00000000800002b4 opa=0000000000000000 opb=0000000000000000 op=0 is_w=0 use_imm=0 imm=0000000000000000
[STISS] cyc=26 pc=00000000800002aa rs1=0000000080001000 rs2=0000000000000001 imm=0000000000000000 size=3
[F1F2] cyc=26 f1_pc=00000000800002c0 f1_v=1 f2_pc=00000000800002c0 f2_v=1 ic_v=0 ic_d[63:0]=0000000000000000
[ICST] cyc=26 state=1 miss_addr=00000000800002c0 fill_v=0 fill_d[63:0]=0000000000000000
[F1F2] cyc=27 f1_pc=000000008000270a f1_v=1 f2_pc=00000000800002c0 f2_v=0 ic_v=0 ic_d[63:0]=0000000000000000
[ICST] cyc=27 state=1 miss_addr=00000000800002c0 fill_v=1 fill_d[63:0]=05210005302300b5
[F1F2] cyc=28 f1_pc=000000008000270a f1_v=1 f2_pc=000000008000270a f2_v=1 ic_v=0 ic_d[63:0]=0000000000000000
[ICST] cyc=28 state=0 miss_addr=00000000800002c0 fill_v=1 fill_d[63:0]=0000000000000000
[F1F2] cyc=29 f1_pc=000000008000270a f1_v=1 f2_pc=000000008000270a f2_v=1 ic_v=0 ic_d[63:0]=0000000000000000
[ICST] cyc=29 state=1 miss_addr=000000008000270a fill_v=0 fill_d[63:0]=0000000000000000
[F1F2] cyc=30 f1_pc=000000008000270a f1_v=1 f2_pc=000000008000270a f2_v=1 ic_v=0 ic_d[63:0]=0000000000000000
[ICST] cyc=30 state=1 miss_addr=000000008000270a fill_v=0 fill_d[63:0]=0000000000000000
[F1F2] cyc=31 f1_pc=000000008000270a f1_v=1 f2_pc=000000008000270a f2_v=1 ic_v=0 ic_d[63:0]=0000000000000000
[ICST] cyc=31 state=1 miss_addr=000000008000270a fill_v=1 fill_d[63:0]=61054501690260e2
[F1F2] cyc=32 f1_pc=000000008000270a f1_v=1 f2_pc=000000008000270a f2_v=1 ic_v=1 ic_d[63:0]=61054501690260e2
[ICST] cyc=32 state=0 miss_addr=000000008000270a fill_v=0 fill_d[63:0]=0000000000000000
[FETCH0] cyc=33 pc=000000008000270a insn=f4010113 is_rvc=1
[FETCH1] cyc=33 pc=000000008000270c insn=0a113c23 is_rvc=1
[FETCH2] cyc=33 pc=000000008000270e insn=0a813823 is_rvc=1
[FETCH3] cyc=33 pc=0000000080002710 insn=0a913423 is_rvc=1
[FETCH4] cyc=33 pc=0000000080002712 insn=0b213023 is_rvc=1
[FETCH5] cyc=33 pc=0000000080002714 insn=09313c23 is_rvc=1
[F1F2] cyc=33 f1_pc=0000000080002716 f1_v=1 f2_pc=000000008000270a f2_v=1 ic_v=1 ic_d[63:0]=61054501690260e2
[ICST] cyc=33 state=0 miss_addr=000000008000270a fill_v=0 fill_d[63:0]=0000000000000000
[F1F2] cyc=34 f1_pc=0000000080002716 f1_v=1 f2_pc=0000000080002716 f2_v=1 ic_v=1 ic_d[63:0]=61054501690260e2
[ICST] cyc=34 state=0 miss_addr=000000008000270a fill_v=0 fill_d[63:0]=0000000000000000
[FETCH0] cyc=35 pc=0000000080002716 insn=09413823 is_rvc=1
[FETCH1] cyc=35 pc=0000000080002718 insn=09513423 is_rvc=1
[FETCH2] cyc=35 pc=000000008000271a insn=09613023 is_rvc=1
[FETCH3] cyc=35 pc=000000008000271c insn=07713c23 is_rvc=1
[FETCH4] cyc=35 pc=000000008000271e insn=07813823 is_rvc=1
[FETCH5] cyc=35 pc=0000000080002720 insn=07913423 is_rvc=1
[F1F2] cyc=35 f1_pc=0000000080002722 f1_v=1 f2_pc=0000000080002716 f2_v=1 ic_v=1 ic_d[63:0]=61054501690260e2
[ICST] cyc=35 state=0 miss_addr=000000008000270a fill_v=0 fill_d[63:0]=0000000000000000
[ALU0] cyc=36 pc=000000008000270a opa=00000000800ffff0 opb=ffffffffffffff40 op=0 is_w=0 use_imm=1 imm=ffffffffffffff40
[F1F2] cyc=36 f1_pc=0000000080002722 f1_v=1 f2_pc=0000000080002722 f2_v=1 ic_v=1 ic_d[63:0]=61054501690260e2
[ICST] cyc=36 state=0 miss_addr=000000008000270a fill_v=0 fill_d[63:0]=0000000000000000
[STISS] cyc=37 pc=000000008000270c rs1=00000000800fff30 rs2=00000000800002a0 imm=00000000000000b8 size=3
[FETCH0] cyc=37 pc=0000000080002722 insn=07a13023 is_rvc=1
[FETCH1] cyc=37 pc=0000000080002724 insn=81010113 is_rvc=0
[FETCH2] cyc=37 pc=0000000080002728 insn=05010413 is_rvc=1
[FETCH3] cyc=37 pc=000000008000272a insn=fb840613 is_rvc=0
[FETCH4] cyc=37 pc=000000008000272e insn=fb440593 is_rvc=0
[FETCH5] cyc=37 pc=0000000080002732 insn=07a10513 is_rvc=0
[F1F2] cyc=37 f1_pc=0000000080002736 f1_v=1 f2_pc=0000000080002722 f2_v=1 ic_v=1 ic_d[63:0]=61054501690260e2
[ICST] cyc=37 state=0 miss_addr=000000008000270a fill_v=0 fill_d[63:0]=0000000000000000
[CPC] cyc=38 slot=0 pc=000000008000270a br=0 mis=0
[STISS] cyc=38 pc=000000008000270e rs1=00000000800fff30 rs2=0000000000000000 imm=00000000000000b0 size=3
[F1F2] cyc=38 f1_pc=0000000080002736 f1_v=1 f2_pc=0000000080002736 f2_v=1 ic_v=1 ic_d[63:0]=61054501690260e2
[ICST] cyc=38 state=0 miss_addr=000000008000270a fill_v=0 fill_d[63:0]=0000000000000000
[CPC] cyc=39 slot=0 pc=000000008000270c br=0 mis=0
[STISS] cyc=39 pc=0000000080002710 rs1=00000000800fff30 rs2=0000000000000000 imm=00000000000000a8 size=3
[FETCH0] cyc=39 pc=0000000080002736 insn=00012223 is_rvc=1
[FETCH1] cyc=39 pc=0000000080002738 insn=8c9ff0ef is_rvc=0
[FETCH2] cyc=39 pc=000000008000273c insn=00100513 is_rvc=1
[F1F2] cyc=39 f1_pc=000000008000273e f1_v=1 f2_pc=0000000080002736 f2_v=1 ic_v=1 ic_d[63:0]=61054501690260e2
[ICST] cyc=39 state=0 miss_addr=000000008000270a fill_v=1 fill_d[63:0]=61054501690260e2
[CPC] cyc=40 slot=0 pc=000000008000270e br=0 mis=0
[ALU2] cyc=40 pc=0000000080002724 opa=00000000800fff30 opb=fffffffffffff810 op=0 is_w=0 use_imm=1 imm=fffffffffffff810
[STISS] cyc=40 pc=0000000080002712 rs1=00000000800fff30 rs2=0000000000000000 imm=00000000000000a0 size=3
[F1F2] cyc=40 f1_pc=000000008000273e f1_v=1 f2_pc=000000008000273e f2_v=1 ic_v=1 ic_d[63:0]=61054501690260e2
[ICST] cyc=40 state=0 miss_addr=000000008000270a fill_v=0 fill_d[63:0]=0000000000000000
[CPC] cyc=41 slot=0 pc=0000000080002710 br=0 mis=0
[ALU3] cyc=41 pc=0000000080002728 opa=00000000800ff740 opb=0000000000000050 op=0 is_w=0 use_imm=1 imm=0000000000000050
[STISS] cyc=41 pc=0000000080002714 rs1=00000000800fff30 rs2=0000000000000000 imm=0000000000000098 size=3
[F1F2] cyc=41 f1_pc=0000000080002740 f1_v=1 f2_pc=000000008000273e f2_v=1 ic_v=1 ic_d[63:0]=61054501690260e2
[ICST] cyc=41 state=0 miss_addr=000000008000270a fill_v=0 fill_d[63:0]=0000000000000000
[CPC] cyc=42 slot=0 pc=0000000080002712 br=0 mis=0
[ALU0] cyc=42 pc=000000008000272a opa=00000000800ff790 opb=ffffffffffffffb8 op=0 is_w=0 use_imm=1 imm=ffffffffffffffb8
[ALU1] cyc=42 pc=000000008000273c opa=0000000000000000 opb=0000000000000001 op=0 is_w=0 use_imm=1 imm=0000000000000001
[ALU2] cyc=42 pc=000000008000272e opa=00000000800ff790 opb=ffffffffffffffb4 op=0 is_w=0 use_imm=1 imm=ffffffffffffffb4
[ALU3] cyc=42 pc=0000000080002732 opa=00000000800ff740 opb=000000000000007a op=0 is_w=0 use_imm=1 imm=000000000000007a
[STISS] cyc=42 pc=0000000080002716 rs1=00000000800fff30 rs2=0000000000000000 imm=0000000000000090 size=3
[F1F2] cyc=42 f1_pc=0000000080002740 f1_v=1 f2_pc=0000000080002740 f2_v=1 ic_v=0 ic_d[63:0]=0000000000000000
[ICST] cyc=42 state=1 miss_addr=0000000080002740 fill_v=0 fill_d[63:0]=0000000000000000
[CPC] cyc=43 slot=0 pc=0000000080002714 br=0 mis=0
[STISS] cyc=43 pc=0000000080002718 rs1=00000000800fff30 rs2=0000000000000000 imm=0000000000000088 size=3
[F1F2] cyc=43 f1_pc=0000000080002740 f1_v=1 f2_pc=0000000080002740 f2_v=1 ic_v=0 ic_d[63:0]=0000000000000000
[ICST] cyc=43 state=1 miss_addr=0000000080002740 fill_v=0 fill_d[63:0]=0000000000000000
[CPC] cyc=44 slot=0 pc=0000000080002716 br=0 mis=0
[STISS] cyc=44 pc=000000008000271a rs1=00000000800fff30 rs2=00000000800ff748 imm=0000000000000080 size=3
[F1F2] cyc=44 f1_pc=0000000080002740 f1_v=1 f2_pc=0000000080002740 f2_v=1 ic_v=0 ic_d[63:0]=0000000000000000
[ICST] cyc=44 state=1 miss_addr=0000000080002740 fill_v=1 fill_d[63:0]=450900a118237590
[CPC] cyc=45 slot=0 pc=0000000080002718 br=0 mis=0
[STISS] cyc=45 pc=000000008000271c rs1=00000000800fff30 rs2=0000000000000000 imm=0000000000000078 size=3
[F1F2] cyc=45 f1_pc=0000000080002740 f1_v=1 f2_pc=0000000080002740 f2_v=1 ic_v=1 ic_d[63:0]=450900a118237590
[ICST] cyc=45 state=0 miss_addr=0000000080002740 fill_v=0 fill_d[63:0]=0000000000000000
[CPC] cyc=46 slot=0 pc=000000008000271a br=0 mis=0
[STISS] cyc=46 pc=000000008000271e rs1=00000000800fff30 rs2=0000000000000000 imm=0000000000000070 size=3
[FETCH0] cyc=46 pc=000000008000273e insn=759000ef is_rvc=0
[FETCH1] cyc=46 pc=0000000080002742 insn=00a11823 is_rvc=0
[FETCH2] cyc=46 pc=0000000080002746 insn=00200513 is_rvc=1
[FETCH3] cyc=46 pc=0000000080002748 insn=74f000ef is_rvc=0
[FETCH4] cyc=46 pc=000000008000274c insn=00a11923 is_rvc=0
[FETCH5] cyc=46 pc=0000000080002750 insn=00300513 is_rvc=1
[F1F2] cyc=46 f1_pc=0000000080002752 f1_v=1 f2_pc=0000000080002752 f2_v=1 ic_v=1 ic_d[63:0]=450900a118237590
[ICST] cyc=46 state=0 miss_addr=0000000080002740 fill_v=0 fill_d[63:0]=0000000000000000
[CPC] cyc=47 slot=0 pc=000000008000271c br=0 mis=0
[STISS] cyc=47 pc=0000000080002720 rs1=00000000800fff30 rs2=0000000000000000 imm=0000000000000068 size=3
[FETCH0] cyc=47 pc=0000000080002752 insn=745000ef is_rvc=0
[FETCH1] cyc=47 pc=0000000080002756 insn=00a11a23 is_rvc=0
[FETCH2] cyc=47 pc=000000008000275a insn=00400513 is_rvc=1
[FETCH3] cyc=47 pc=000000008000275c insn=73b000ef is_rvc=0
[FETCH4] cyc=47 pc=0000000080002760 insn=02a12e23 is_rvc=1
[FETCH5] cyc=47 pc=0000000080002762 insn=00500513 is_rvc=1
[F1F2] cyc=47 f1_pc=0000000080002752 f1_v=1 f2_pc=0000000080002752 f2_v=1 ic_v=1 ic_d[63:0]=450900a118237590
[ICST] cyc=47 state=0 miss_addr=0000000080002740 fill_v=0 fill_d[63:0]=0000000000000000
[CPC] cyc=48 slot=0 pc=000000008000271e br=0 mis=0
[STISS] cyc=48 pc=0000000080002722 rs1=00000000800fff30 rs2=0000000000000000 imm=0000000000000060 size=3
[DCFILL] cyc=48 addr=00000000800fffc0 data[0..63]=0000000000000000 data[192..255]=0000000000000000
[FETCH0] cyc=48 pc=0000000080002752 insn=745000ef is_rvc=0
[FETCH1] cyc=48 pc=0000000080002756 insn=00a11a23 is_rvc=0
[FETCH2] cyc=48 pc=000000008000275a insn=00400513 is_rvc=1
[FETCH3] cyc=48 pc=000000008000275c insn=73b000ef is_rvc=0
[FETCH4] cyc=48 pc=0000000080002760 insn=02a12e23 is_rvc=1
[FETCH5] cyc=48 pc=0000000080002762 insn=00500513 is_rvc=1
[F1F2] cyc=48 f1_pc=0000000080002764 f1_v=1 f2_pc=0000000080002752 f2_v=1 ic_v=1 ic_d[63:0]=450900a118237590
[ICST] cyc=48 state=0 miss_addr=0000000080002740 fill_v=0 fill_d[63:0]=0000000000000000
[CPC] cyc=49 slot=0 pc=0000000080002720 br=0 mis=0
[ALU2] cyc=49 pc=0000000080002746 opa=0000000000000000 opb=0000000000000002 op=0 is_w=0 use_imm=1 imm=0000000000000002
[ALU3] cyc=49 pc=0000000080002750 opa=0000000000000000 opb=0000000000000003 op=0 is_w=0 use_imm=1 imm=0000000000000003
[STISS] cyc=49 pc=0000000080002736 rs1=00000000800ff740 rs2=0000000000000000 imm=0000000000000004 size=2
[F1F2] cyc=49 f1_pc=0000000080002764 f1_v=1 f2_pc=0000000080002764 f2_v=1 ic_v=1 ic_d[63:0]=450900a118237590
[ICST] cyc=49 state=0 miss_addr=0000000080002740 fill_v=0 fill_d[63:0]=0000000000000000
[CPC] cyc=50 slot=0 pc=0000000080002722 br=0 mis=0
[CPC] cyc=50 slot=1 pc=0000000080002724 br=0 mis=0
[CPC] cyc=50 slot=2 pc=0000000080002728 br=0 mis=0
[CPC] cyc=50 slot=3 pc=000000008000272a br=0 mis=0
[CPC] cyc=50 slot=4 pc=000000008000272e br=0 mis=0
[CPC] cyc=50 slot=5 pc=0000000080002732 br=0 mis=0
[ALU1] cyc=50 pc=000000008000275a opa=0000000000000000 opb=0000000000000004 op=0 is_w=0 use_imm=1 imm=0000000000000004
[STISS] cyc=50 pc=0000000080002742 rs1=00000000800ff740 rs2=0000000000000001 imm=0000000000000010 size=1
[FETCH0] cyc=50 pc=0000000080002764 insn=733000ef is_rvc=0
[FETCH1] cyc=50 pc=0000000080002768 insn=ff950713 is_rvc=0
[FETCH2] cyc=50 pc=000000008000276c insn=01013783 is_rvc=1
[FETCH3] cyc=50 pc=000000008000276e insn=0ea75533 is_rvc=0
[FETCH4] cyc=50 pc=0000000080002772 insn=00750513 is_rvc=1
[FETCH5] cyc=50 pc=0000000080002774 insn=01079793 is_rvc=1
[F1F2] cyc=50 f1_pc=0000000080002776 f1_v=1 f2_pc=0000000080002764 f2_v=1 ic_v=1 ic_d[63:0]=450900a118237590
[ICST] cyc=50 state=0 miss_addr=0000000080002740 fill_v=0 fill_d[63:0]=0000000000000000
[CPC] cyc=51 slot=0 pc=0000000080002736 br=0 mis=0
[CPC] cyc=51 slot=1 pc=0000000080002738 br=0 mis=1
[FLUSH] cyc=51 redirect_pc=0000000080002000 full=1
[ALU2] cyc=51 pc=0000000080002762 opa=0000000000000000 opb=0000000000000005 op=0 is_w=0 use_imm=1 imm=0000000000000005
[ALU3] cyc=51 pc=000000008000275a opa=0000000000000000 opb=0000000000000004 op=0 is_w=0 use_imm=1 imm=0000000000000004
[STISS] cyc=51 pc=000000008000274c rs1=00000000800ff740 rs2=0000000000000002 imm=0000000000000012 size=1
[F1F2] cyc=51 f1_pc=0000000080002776 f1_v=1 f2_pc=0000000080002776 f2_v=1 ic_v=1 ic_d[63:0]=450900a118237590
[ICST] cyc=51 state=0 miss_addr=0000000080002740 fill_v=0 fill_d[63:0]=0000000000000000
[F1F2] cyc=52 f1_pc=0000000080002000 f1_v=1 f2_pc=0000000080002776 f2_v=0 ic_v=1 ic_d[63:0]=450900a118237590
[ICST] cyc=52 state=0 miss_addr=0000000080002740 fill_v=0 fill_d[63:0]=0000000000000000
[F1F2] cyc=53 f1_pc=0000000080002000 f1_v=1 f2_pc=0000000080002000 f2_v=1 ic_v=0 ic_d[63:0]=0000000000000000
[ICST] cyc=53 state=1 miss_addr=0000000080002000 fill_v=0 fill_d[63:0]=0000000000000000
[F1F2] cyc=54 f1_pc=0000000080002000 f1_v=1 f2_pc=0000000080002000 f2_v=1 ic_v=0 ic_d[63:0]=0000000000000000
[ICST] cyc=54 state=1 miss_addr=0000000080002000 fill_v=0 fill_d[63:0]=0000000000000000
[F1F2] cyc=55 f1_pc=0000000080002000 f1_v=1 f2_pc=0000000080002000 f2_v=1 ic_v=0 ic_d[63:0]=0000000000000000
[ICST] cyc=55 state=1 miss_addr=0000000080002000 fill_v=1 fill_d[63:0]=b00027f380828082
[F1F2] cyc=56 f1_pc=0000000080002000 f1_v=1 f2_pc=0000000080002000 f2_v=1 ic_v=1 ic_d[63:0]=b00027f380828082
[ICST] cyc=56 state=0 miss_addr=0000000080002000 fill_v=0 fill_d[63:0]=0000000000000000
[FETCH0] cyc=57 pc=0000000080002000 insn=00008067 is_rvc=1
[FETCH1] cyc=57 pc=0000000080002002 insn=00008067 is_rvc=1
[FETCH2] cyc=57 pc=0000000080002004 insn=b00027f3 is_rvc=0
[FETCH3] cyc=57 pc=0000000080002008 insn=00002717 is_rvc=0
[FETCH4] cyc=57 pc=000000008000200c insn=78f72823 is_rvc=0
[FETCH5] cyc=57 pc=0000000080002010 insn=00008067 is_rvc=1
[F1F2] cyc=57 f1_pc=0000000080002012 f1_v=1 f2_pc=0000000080002000 f2_v=1 ic_v=1 ic_d[63:0]=b00027f380828082
[ICST] cyc=57 state=0 miss_addr=0000000080002000 fill_v=0 fill_d[63:0]=0000000000000000
[F1F2] cyc=58 f1_pc=0000000080002012 f1_v=1 f2_pc=0000000080002012 f2_v=1 ic_v=1 ic_d[63:0]=b00027f380828082
[ICST] cyc=58 state=0 miss_addr=0000000080002000 fill_v=0 fill_d[63:0]=0000000000000000
[FETCH0] cyc=59 pc=0000000080002012 insn=b00027f3 is_rvc=0
[FETCH1] cyc=59 pc=0000000080002016 insn=00002717 is_rvc=0
[FETCH2] cyc=59 pc=000000008000201a insn=76f72f23 is_rvc=0
[FETCH3] cyc=59 pc=000000008000201e insn=00008067 is_rvc=1
[FETCH4] cyc=59 pc=0000000080002020 insn=00002517 is_rvc=0
[FETCH5] cyc=59 pc=0000000080002024 insn=77452503 is_rvc=0
[F1F2] cyc=59 f1_pc=0000000080002028 f1_v=1 f2_pc=0000000080002012 f2_v=1 ic_v=1 ic_d[63:0]=b00027f380828082
[ICST] cyc=59 state=0 miss_addr=0000000080002000 fill_v=0 fill_d[63:0]=0000000000000000
[BRU_JALR] cyc=60 pc=0000000080002000 opa=000000008000273c opb=0000000000000000 imm=0000000000000000 is_fused=0
[F1F2] cyc=60 f1_pc=0000000080002028 f1_v=1 f2_pc=0000000080002028 f2_v=1 ic_v=1 ic_d[63:0]=b00027f380828082
[ICST] cyc=60 state=0 miss_addr=0000000080002000 fill_v=0 fill_d[63:0]=0000000000000000
[BRU_JALR] cyc=61 pc=0000000080002002 opa=000000008000273c opb=0000000000000000 imm=0000000000000000 is_fused=0
[STISS] cyc=61 pc=0000000080002008 rs1=0000000000000000 rs2=0000000000000000 imm=0000000000002790 size=2
[LDENQ0] cyc=61 pc=0000000080002020 fu=4 rs1_phys=0 pdst=4 imm=0000000000002774 is_fused=1
[DQDEQ3] cyc=61 pc=0000000080002020 fu=4 rs1_phys=0 pdst=4 imm=0000000000002774 is_fused=1 is_load=1
[FETCH0] cyc=61 pc=0000000080002028 insn=00002797 is_rvc=0
[FETCH1] cyc=61 pc=000000008000202c insn=7707a783 is_rvc=0
[FETCH2] cyc=61 pc=0000000080002030 insn=40f5053b is_rvc=1
[FETCH3] cyc=61 pc=0000000080002032 insn=00008067 is_rvc=1
[FETCH4] cyc=61 pc=0000000080002034 insn=00008067 is_rvc=1
[FETCH5] cyc=61 pc=0000000080002036 insn=fc010113 is_rvc=1
[F1F2] cyc=61 f1_pc=0000000080002038 f1_v=1 f2_pc=0000000080002028 f2_v=1 ic_v=1 ic_d[63:0]=b00027f380828082
[ICST] cyc=61 state=0 miss_addr=0000000080002000 fill_v=0 fill_d[63:0]=0000000000000000
[CPC] cyc=62 slot=0 pc=0000000080002000 br=0 mis=1
[FLUSH] cyc=62 redirect_pc=000000008000273c full=1
[BRU_JALR] cyc=62 pc=0000000080002010 opa=000000008000273c opb=0000000000000000 imm=0000000000000000 is_fused=0
[LDISS0] cyc=62 pc=0000000080002020 fu=4 rs1=0000000000000000 imm=0000000000002774 size=2 is_unsigned=0 pdst=4 rob=8 is_fused=1 rs1_phys=0
[DCFILL] cyc=62 addr=00000000800fff80 data[0..63]=0000000000000000 data[192..255]=0000000000000000
[LSUEFF0] cyc=62 eff=0000000080004794 rs1=0000000000000000 imm=0000000000002774 pc=0000000080002020 is_fused=1
[F1F2] cyc=62 f1_pc=0000000080002038 f1_v=1 f2_pc=0000000080002038 f2_v=1 ic_v=1 ic_d[63:0]=b00027f380828082
[ICST] cyc=62 state=0 miss_addr=0000000080002000 fill_v=0 fill_d[63:0]=0000000000000000
[F1F2] cyc=63 f1_pc=000000008000273c f1_v=1 f2_pc=0000000080002038 f2_v=0 ic_v=1 ic_d[63:0]=b00027f380828082
[ICST] cyc=63 state=0 miss_addr=0000000080002000 fill_v=1 fill_d[63:0]=b00027f380828082
[F1F2] cyc=64 f1_pc=000000008000273c f1_v=1 f2_pc=000000008000273c f2_v=1 ic_v=1 ic_d[63:0]=61054501690260e2
[ICST] cyc=64 state=0 miss_addr=0000000080002000 fill_v=0 fill_d[63:0]=0000000000000000
[FETCH0] cyc=65 pc=000000008000273c insn=00100513 is_rvc=1
[F1F2] cyc=65 f1_pc=000000008000273e f1_v=1 f2_pc=000000008000273c f2_v=1 ic_v=1 ic_d[63:0]=61054501690260e2
[ICST] cyc=65 state=0 miss_addr=0000000080002000 fill_v=0 fill_d[63:0]=0000000000000000
[F1F2] cyc=66 f1_pc=000000008000273e f1_v=1 f2_pc=000000008000273e f2_v=1 ic_v=1 ic_d[63:0]=61054501690260e2
[ICST] cyc=66 state=0 miss_addr=0000000080002000 fill_v=0 fill_d[63:0]=0000000000000000
[F1F2] cyc=67 f1_pc=0000000080002740 f1_v=1 f2_pc=000000008000273e f2_v=1 ic_v=1 ic_d[63:0]=61054501690260e2
[ICST] cyc=67 state=0 miss_addr=0000000080002000 fill_v=0 fill_d[63:0]=0000000000000000
[ALU0] cyc=68 pc=000000008000273c opa=0000000000000000 opb=0000000000000001 op=0 is_w=0 use_imm=1 imm=0000000000000001
[F1F2] cyc=68 f1_pc=0000000080002740 f1_v=1 f2_pc=0000000080002740 f2_v=1 ic_v=1 ic_d[63:0]=450900a118237590
[ICST] cyc=68 state=0 miss_addr=0000000080002000 fill_v=0 fill_d[63:0]=0000000000000000
[FETCH0] cyc=69 pc=000000008000273e insn=759000ef is_rvc=0
[FETCH1] cyc=69 pc=0000000080002742 insn=00a11823 is_rvc=0
[FETCH2] cyc=69 pc=0000000080002746 insn=00200513 is_rvc=1
[FETCH3] cyc=69 pc=0000000080002748 insn=74f000ef is_rvc=0
[FETCH4] cyc=69 pc=000000008000274c insn=00a11923 is_rvc=0
[FETCH5] cyc=69 pc=0000000080002750 insn=00300513 is_rvc=1
[F1F2] cyc=69 f1_pc=0000000080002752 f1_v=1 f2_pc=0000000080002752 f2_v=1 ic_v=1 ic_d[63:0]=450900a118237590
[ICST] cyc=69 state=0 miss_addr=0000000080002000 fill_v=0 fill_d[63:0]=0000000000000000
[CPC] cyc=70 slot=0 pc=000000008000273c br=0 mis=0
[FETCH0] cyc=70 pc=0000000080002752 insn=745000ef is_rvc=0
[FETCH1] cyc=70 pc=0000000080002756 insn=00a11a23 is_rvc=0
[FETCH2] cyc=70 pc=000000008000275a insn=00400513 is_rvc=1
[FETCH3] cyc=70 pc=000000008000275c insn=73b000ef is_rvc=0
[FETCH4] cyc=70 pc=0000000080002760 insn=02a12e23 is_rvc=1
[FETCH5] cyc=70 pc=0000000080002762 insn=00500513 is_rvc=1
[F1F2] cyc=70 f1_pc=0000000080002752 f1_v=1 f2_pc=0000000080002752 f2_v=1 ic_v=1 ic_d[63:0]=450900a118237590
[ICST] cyc=70 state=0 miss_addr=0000000080002000 fill_v=0 fill_d[63:0]=0000000000000000
[FETCH0] cyc=71 pc=0000000080002752 insn=745000ef is_rvc=0
[FETCH1] cyc=71 pc=0000000080002756 insn=00a11a23 is_rvc=0
[FETCH2] cyc=71 pc=000000008000275a insn=00400513 is_rvc=1
[FETCH3] cyc=71 pc=000000008000275c insn=73b000ef is_rvc=0
[FETCH4] cyc=71 pc=0000000080002760 insn=02a12e23 is_rvc=1
[FETCH5] cyc=71 pc=0000000080002762 insn=00500513 is_rvc=1
[F1F2] cyc=71 f1_pc=0000000080002764 f1_v=1 f2_pc=0000000080002752 f2_v=1 ic_v=1 ic_d[63:0]=450900a118237590
[ICST] cyc=71 state=0 miss_addr=0000000080002000 fill_v=0 fill_d[63:0]=0000000000000000
[ALU2] cyc=72 pc=0000000080002746 opa=0000000000000000 opb=0000000000000002 op=0 is_w=0 use_imm=1 imm=0000000000000002
[ALU3] cyc=72 pc=0000000080002750 opa=0000000000000000 opb=0000000000000003 op=0 is_w=0 use_imm=1 imm=0000000000000003
[STISS] cyc=72 pc=0000000080002742 rs1=00000000800ff740 rs2=0000000000000001 imm=0000000000000010 size=1
[F1F2] cyc=72 f1_pc=0000000080002764 f1_v=1 f2_pc=0000000080002764 f2_v=1 ic_v=1 ic_d[63:0]=450900a118237590
[ICST] cyc=72 state=0 miss_addr=0000000080002000 fill_v=0 fill_d[63:0]=0000000000000000
[ALU1] cyc=73 pc=000000008000275a opa=0000000000000000 opb=0000000000000004 op=0 is_w=0 use_imm=1 imm=0000000000000004
[STISS] cyc=73 pc=000000008000274c rs1=00000000800ff740 rs2=0000000000000002 imm=0000000000000012 size=1
[FETCH0] cyc=73 pc=0000000080002764 insn=733000ef is_rvc=0
[FETCH1] cyc=73 pc=0000000080002768 insn=ff950713 is_rvc=0
[FETCH2] cyc=73 pc=000000008000276c insn=01013783 is_rvc=1
[FETCH3] cyc=73 pc=000000008000276e insn=0ea75533 is_rvc=0
[FETCH4] cyc=73 pc=0000000080002772 insn=00750513 is_rvc=1
[FETCH5] cyc=73 pc=0000000080002774 insn=01079793 is_rvc=1
[F1F2] cyc=73 f1_pc=0000000080002776 f1_v=1 f2_pc=0000000080002764 f2_v=1 ic_v=1 ic_d[63:0]=450900a118237590
[ICST] cyc=73 state=0 miss_addr=0000000080002000 fill_v=0 fill_d[63:0]=0000000000000000
[CPC] cyc=74 slot=0 pc=000000008000273e br=0 mis=1
[FLUSH] cyc=74 redirect_pc=0000000080003696 full=1
[ALU2] cyc=74 pc=0000000080002762 opa=0000000000000000 opb=0000000000000005 op=0 is_w=0 use_imm=1 imm=0000000000000005
[ALU3] cyc=74 pc=000000008000275a opa=0000000000000000 opb=0000000000000004 op=0 is_w=0 use_imm=1 imm=0000000000000004
[STISS] cyc=74 pc=0000000080002756 rs1=00000000800ff740 rs2=0000000000000003 imm=0000000000000014 size=1
[F1F2] cyc=74 f1_pc=0000000080002776 f1_v=1 f2_pc=0000000080002776 f2_v=1 ic_v=1 ic_d[63:0]=450900a118237590
[ICST] cyc=74 state=0 miss_addr=0000000080002000 fill_v=0 fill_d[63:0]=0000000000000000
[F1F2] cyc=75 f1_pc=0000000080003696 f1_v=1 f2_pc=0000000080002776 f2_v=0 ic_v=1 ic_d[63:0]=450900a118237590
[ICST] cyc=75 state=0 miss_addr=0000000080002000 fill_v=0 fill_d[63:0]=0000000000000000
[DCFILL] cyc=76 addr=00000000800ff740 data[0..63]=0000000000000000 data[192..255]=0000000000000000
[F1F2] cyc=76 f1_pc=0000000080003696 f1_v=1 f2_pc=0000000080003696 f2_v=1 ic_v=0 ic_d[63:0]=0000000000000000
[ICST] cyc=76 state=1 miss_addr=0000000080003696 fill_v=0 fill_d[63:0]=0000000000000000
[F1F2] cyc=77 f1_pc=0000000080003696 f1_v=1 f2_pc=0000000080003696 f2_v=1 ic_v=0 ic_d[63:0]=0000000000000000
[ICST] cyc=77 state=1 miss_addr=0000000080003696 fill_v=0 fill_d[63:0]=0000000000000000
[F1F2] cyc=78 f1_pc=0000000080003696 f1_v=1 f2_pc=0000000080003696 f2_v=1 ic_v=0 ic_d[63:0]=0000000000000000
[ICST] cyc=78 state=1 miss_addr=0000000080003696 fill_v=1 fill_d[63:0]=6ce67c067ba67b46
[F1F2] cyc=79 f1_pc=0000000080003696 f1_v=1 f2_pc=0000000080003696 f2_v=1 ic_v=1 ic_d[63:0]=6ce67c067ba67b46
[ICST] cyc=79 state=0 miss_addr=0000000080003696 fill_v=0 fill_d[63:0]=0000000000000000
[FETCH0] cyc=80 pc=0000000080003696 insn=00500793 is_rvc=1
[FETCH1] cyc=80 pc=0000000080003698 insn=04a7e463 is_rvc=0
[FETCH2] cyc=80 pc=000000008000369c insn=00001717 is_rvc=0
[FETCH3] cyc=80 pc=00000000800036a0 insn=ebc70713 is_rvc=0
[FETCH4] cyc=80 pc=00000000800036a4 insn=20e54533 is_rvc=0
[FETCH5] cyc=80 pc=00000000800036a8 insn=00052783 is_rvc=1
[F1F2] cyc=80 f1_pc=00000000800036aa f1_v=1 f2_pc=0000000080003696 f2_v=1 ic_v=1 ic_d[63:0]=6ce67c067ba67b46
[ICST] cyc=80 state=0 miss_addr=0000000080003696 fill_v=0 fill_d[63:0]=0000000000000000
[F1F2] cyc=81 f1_pc=00000000800036aa f1_v=1 f2_pc=00000000800036aa f2_v=1 ic_v=1 ic_d[63:0]=6ce67c067ba67b46
[ICST] cyc=81 state=0 miss_addr=0000000080003696 fill_v=0 fill_d[63:0]=0000000000000000
[LDENQ0] cyc=82 pc=00000000800036a8 fu=4 rs1_phys=12 pdst=33 imm=0000000000000000 is_fused=0
[DQDEQ4] cyc=82 pc=00000000800036a8 fu=4 rs1_phys=12 pdst=33 imm=0000000000000000 is_fused=0 is_load=1
[FETCH0] cyc=82 pc=00000000800036aa insn=00e787b3 is_rvc=1
[FETCH1] cyc=82 pc=00000000800036ac insn=00078067 is_rvc=1
[FETCH2] cyc=82 pc=00000000800036ae insn=00001517 is_rvc=0
[FETCH3] cyc=82 pc=00000000800036b2 insn=0ee52503 is_rvc=0
[FETCH4] cyc=82 pc=00000000800036b6 insn=00008067 is_rvc=1
[FETCH5] cyc=82 pc=00000000800036b8 insn=00001517 is_rvc=0
[F1F2] cyc=82 f1_pc=00000000800036bc f1_v=1 f2_pc=00000000800036aa f2_v=1 ic_v=1 ic_d[63:0]=6ce67c067ba67b46
[ICST] cyc=82 state=0 miss_addr=0000000080003696 fill_v=0 fill_d[63:0]=0000000000000000
[ALU0] cyc=83 pc=0000000080003696 opa=0000000000000000 opb=0000000000000005 op=0 is_w=0 use_imm=1 imm=0000000000000005
[ALU2] cyc=83 pc=000000008000369c opa=000000008000369c opb=0000000000000ebc op=11 is_w=0 use_imm=1 imm=0000000000000ebc
[F1F2] cyc=83 f1_pc=00000000800036bc f1_v=1 f2_pc=00000000800036bc f2_v=1 ic_v=1 ic_d[63:0]=6ce67c067ba67b46
[ICST] cyc=83 state=0 miss_addr=0000000080003696 fill_v=0 fill_d[63:0]=0000000000000000
[ALU3] cyc=84 pc=00000000800036a4 opa=0000000000000001 opb=0000000080004558 op=13 is_w=0 use_imm=0 imm=0000000000000000
[LDENQ0] cyc=84 pc=00000000800036ae fu=4 rs1_phys=0 pdst=35 imm=00000000000010ee is_fused=1
[DQDEQ2] cyc=84 pc=00000000800036ae fu=4 rs1_phys=0 pdst=35 imm=00000000000010ee is_fused=1 is_load=1
[FETCH0] cyc=84 pc=00000000800036bc insn=0ec52503 is_rvc=0
[F1F2] cyc=84 f1_pc=00000000800036c0 f1_v=1 f2_pc=00000000800036bc f2_v=1 ic_v=1 ic_d[63:0]=6ce67c067ba67b46
[ICST] cyc=84 state=0 miss_addr=0000000080003696 fill_v=0 fill_d[63:0]=0000000000000000
[CPC] cyc=85 slot=0 pc=0000000080003696 br=0 mis=0
[LDISS0] cyc=85 pc=00000000800036a8 fu=4 rs1=000000008000455c imm=0000000000000000 size=2 is_unsigned=0 pdst=33 rob=4 is_fused=0 rs1_phys=12
[LDISS1] cyc=85 pc=00000000800036ae rs1=0000000000000000 imm=00000000000010ee size=2 is_unsigned=0 pdst=35 rob=7 is_fused=1 rs1_phys=0
[DCLDREQ0] cyc=85 addr=000000008000455c size=2
[LSUEFF0] cyc=85 eff=000000008000455c rs1=000000008000455c imm=0000000000000000 pc=00000000800036a8 is_fused=0
[LSUEFF1] cyc=85 eff=000000008000479c rs1=0000000000000000 imm=00000000000010ee pc=00000000800036ae is_fused=1
[DCLDREQ1] cyc=85 addr=000000008000479c size=2
[F1F2] cyc=85 f1_pc=00000000800036c0 f1_v=1 f2_pc=00000000800036c0 f2_v=1 ic_v=0 ic_d[63:0]=0000000000000000
[ICST] cyc=85 state=1 miss_addr=00000000800036c0 fill_v=0 fill_d[63:0]=0000000000000000
[CPC] cyc=86 slot=0 pc=0000000080003698 br=1 mis=0
[CPC] cyc=86 slot=1 pc=000000008000369c br=0 mis=0
[CPC] cyc=86 slot=2 pc=00000000800036a4 br=0 mis=0
[BRU_JALR] cyc=86 pc=00000000800036b6 opa=0000000080002742 opb=0000000000000000 imm=0000000000000000 is_fused=0
[ALU2] cyc=86 pc=00000000800036b8 opa=00000000800036b8 opb=0000000000001000 op=11 is_w=0 use_imm=1 imm=0000000000001000
[MSHR_ALLOC] cyc=86 s1_addr=000000008000455c line_addr=0000000080004540 free_idx=0
[LDENQ0] cyc=86 pc=00000000800036bc fu=4 rs1_phys=36 pdst=37 imm=00000000000000ec is_fused=0
[DQDEQ0] cyc=86 pc=00000000800036bc fu=4 rs1_phys=36 pdst=37 imm=00000000000000ec is_fused=0 is_load=1
[F1F2] cyc=86 f1_pc=00000000800036c0 f1_v=1 f2_pc=00000000800036c0 f2_v=1 ic_v=0 ic_d[63:0]=0000000000000000
[ICST] cyc=86 state=1 miss_addr=00000000800036c0 fill_v=1 fill_d[63:0]=6ce67c067ba67b46
[LDISS0] cyc=87 pc=00000000800036bc fu=4 rs1=00000000800046b8 imm=00000000000000ec size=2 is_unsigned=0 pdst=37 rob=10 is_fused=0 rs1_phys=36
[DCLDREQ0] cyc=87 addr=00000000800047a4 size=2
[LSUEFF0] cyc=87 eff=00000000800047a4 rs1=00000000800046b8 imm=00000000000000ec pc=00000000800036bc is_fused=0
[F1F2] cyc=87 f1_pc=00000000800036c0 f1_v=1 f2_pc=00000000800036c0 f2_v=1 ic_v=1 ic_d[63:0]=6ce67c067ba67b46
[ICST] cyc=87 state=0 miss_addr=00000000800036c0 fill_v=1 fill_d[63:0]=2503000015178082
[FETCH0] cyc=88 pc=00000000800036c0 insn=07013b03 is_rvc=1
[FETCH1] cyc=88 pc=00000000800036c2 insn=06813b83 is_rvc=1
[FETCH2] cyc=88 pc=00000000800036c4 insn=06013c03 is_rvc=1
[FETCH3] cyc=88 pc=00000000800036c6 insn=05813c83 is_rvc=1
[FETCH4] cyc=88 pc=00000000800036c8 insn=0b010113 is_rvc=1
[FETCH5] cyc=88 pc=00000000800036ca insn=00008067 is_rvc=1
[F1F2] cyc=88 f1_pc=00000000800036cc f1_v=1 f2_pc=00000000800036c0 f2_v=1 ic_v=1 ic_d[63:0]=6ce67c067ba67b46
[ICST] cyc=88 state=0 miss_addr=00000000800036c0 fill_v=0 fill_d[63:0]=0000000000000000
[LDWB0] cyc=89 rob=10 pdst=37 data=0000000000000000
[F1F2] cyc=89 f1_pc=00000000800036cc f1_v=1 f2_pc=00000000800036cc f2_v=1 ic_v=1 ic_d[63:0]=6ce67c067ba67b46
[ICST] cyc=89 state=0 miss_addr=00000000800036c0 fill_v=0 fill_d[63:0]=0000000000000000
[LDENQ0] cyc=90 pc=00000000800036c0 fu=4 rs1_phys=10 pdst=1 imm=0000000000000070 is_fused=0
[LDENQ1] cyc=90 pc=00000000800036c2 fu=4 rs1_phys=10 pdst=11 imm=0000000000000068 is_fused=0
[DQDEQ2] cyc=90 pc=00000000800036c0 fu=4 rs1_phys=10 pdst=1 imm=0000000000000070 is_fused=0 is_load=1
[DQDEQ3] cyc=90 pc=00000000800036c2 fu=4 rs1_phys=10 pdst=11 imm=0000000000000068 is_fused=0 is_load=1
[DQDEQ4] cyc=90 pc=00000000800036c4 fu=4 rs1_phys=10 pdst=14 imm=0000000000000060 is_fused=0 is_load=1
[DQDEQ5] cyc=90 pc=00000000800036c6 fu=4 rs1_phys=10 pdst=15 imm=0000000000000058 is_fused=0 is_load=1
[FETCH0] cyc=90 pc=00000000800036cc insn=088c8cbb is_rvc=0
[FETCH1] cyc=90 pc=00000000800036d0 insn=f79460e3 is_rvc=0
[FETCH2] cyc=90 pc=00000000800036d4 insn=fbdff06f is_rvc=1
[FETCH3] cyc=90 pc=00000000800036d6 insn=00500793 is_rvc=1
[FETCH4] cyc=90 pc=00000000800036d8 insn=04a7e463 is_rvc=0
[FETCH5] cyc=90 pc=00000000800036dc insn=00001717 is_rvc=0
[F1F2] cyc=90 f1_pc=00000000800036e0 f1_v=1 f2_pc=00000000800036cc f2_v=1 ic_v=1 ic_d[63:0]=6ce67c067ba67b46
[ICST] cyc=90 state=0 miss_addr=00000000800036c0 fill_v=0 fill_d[63:0]=0000000000000000
[BRU_JALR] cyc=91 pc=00000000800036ca opa=0000000080002742 opb=0000000000000000 imm=0000000000000000 is_fused=0
[ALU3] cyc=91 pc=00000000800036c8 opa=00000000800ff740 opb=00000000000000b0 op=0 is_w=0 use_imm=1 imm=00000000000000b0
[LDISS0] cyc=91 pc=00000000800036c0 fu=4 rs1=00000000800ff740 imm=0000000000000070 size=3 is_unsigned=0 pdst=1 rob=11 is_fused=0 rs1_phys=10
[LDISS1] cyc=91 pc=00000000800036c2 rs1=00000000800ff740 imm=0000000000000068 size=3 is_unsigned=0 pdst=11 rob=12 is_fused=0 rs1_phys=10
[DCLDREQ0] cyc=91 addr=00000000800ff7b0 size=3
[LSUEFF0] cyc=91 eff=00000000800ff7b0 rs1=00000000800ff740 imm=0000000000000070 pc=00000000800036c0 is_fused=0
[LSUEFF1] cyc=91 eff=00000000800ff7a8 rs1=00000000800ff740 imm=0000000000000068 pc=00000000800036c2 is_fused=0
[F1F2] cyc=91 f1_pc=00000000800036e0 f1_v=1 f2_pc=00000000800036e0 f2_v=1 ic_v=1 ic_d[63:0]=6ce67c067ba67b46
[ICST] cyc=91 state=0 miss_addr=00000000800036c0 fill_v=0 fill_d[63:0]=00000000800043d8
[LDWB0] cyc=92 rob=4 pdst=33 data=fffffffffffff160
[DCFILL] cyc=92 addr=0000000080004540 data[0..63]=00000000800043d8 data[192..255]=fffff160fffff188
[DCLDREQ1] cyc=92 addr=00000000800ff7a8 size=3
[MSHR_ALLOC] cyc=92 s1_addr=00000000800ff7b0 line_addr=00000000800ff780 free_idx=1
[FETCH0] cyc=92 pc=00000000800036e0 insn=ebc70713 is_rvc=0
[FETCH1] cyc=92 pc=00000000800036e4 insn=20e54533 is_rvc=0
[FETCH2] cyc=92 pc=00000000800036e8 insn=00052783 is_rvc=1
[FETCH3] cyc=92 pc=00000000800036ea insn=00e787b3 is_rvc=1
[FETCH4] cyc=92 pc=00000000800036ec insn=00078067 is_rvc=1
[FETCH5] cyc=92 pc=00000000800036ee insn=00001517 is_rvc=0
[F1F2] cyc=92 f1_pc=00000000800036f2 f1_v=1 f2_pc=00000000800036e0 f2_v=1 ic_v=1 ic_d[63:0]=6ce67c067ba67b46
[ICST] cyc=92 state=0 miss_addr=00000000800036c0 fill_v=0 fill_d[63:0]=0000000000000000
[ALU0] cyc=93 pc=00000000800036aa opa=fffffffffffff160 opb=0000000080004558 op=0 is_w=0 use_imm=0 imm=0000000000000000
[F1F2] cyc=93 f1_pc=00000000800036f2 f1_v=1 f2_pc=00000000800036f2 f2_v=1 ic_v=1 ic_d[63:0]=6ce67c067ba67b46
[ICST] cyc=93 state=0 miss_addr=00000000800036c0 fill_v=0 fill_d[63:0]=0000000000000000
[CPC] cyc=94 slot=0 pc=00000000800036a8 br=0 mis=0
[BRU_JALR] cyc=94 pc=00000000800036ac opa=00000000800036b8 opb=0000000000000000 imm=0000000000000000 is_fused=0
[ALU2] cyc=94 pc=00000000800036d6 opa=0000000000000000 opb=0000000000000005 op=0 is_w=0 use_imm=1 imm=0000000000000005
[ALU3] cyc=94 pc=00000000800036dc opa=00000000800036dc opb=0000000000001000 op=11 is_w=0 use_imm=1 imm=0000000000001000
[LDENQ0] cyc=94 pc=00000000800036e8 fu=4 rs1_phys=43 pdst=44 imm=0000000000000000 is_fused=0
[DQDEQ5] cyc=94 pc=00000000800036e8 fu=4 rs1_phys=43 pdst=44 imm=0000000000000000 is_fused=0 is_load=1
[FETCH0] cyc=94 pc=00000000800036f2 insn=0ee52503 is_rvc=0
[FETCH1] cyc=94 pc=00000000800036f6 insn=00008067 is_rvc=1
[FETCH2] cyc=94 pc=00000000800036f8 insn=00001517 is_rvc=0
[FETCH3] cyc=94 pc=00000000800036fc insn=0ec52503 is_rvc=0
[F1F2] cyc=94 f1_pc=0000000080003700 f1_v=1 f2_pc=00000000800036f2 f2_v=1 ic_v=1 ic_d[63:0]=6ce67c067ba67b46
[ICST] cyc=94 state=0 miss_addr=00000000800036c0 fill_v=0 fill_d[63:0]=0000000000000000
[CPC] cyc=95 slot=0 pc=00000000800036aa br=0 mis=0
[ALU1] cyc=95 pc=00000000800036e0 opa=00000000800046dc opb=fffffffffffffebc op=0 is_w=0 use_imm=1 imm=fffffffffffffebc
[ALU2] cyc=95 pc=00000000800036ee opa=00000000800036ee opb=0000000000001000 op=11 is_w=0 use_imm=1 imm=0000000000001000
[F1F2] cyc=95 f1_pc=0000000080003700 f1_v=1 f2_pc=0000000080003700 f2_v=1 ic_v=0 ic_d[63:0]=0000000000000000
[ICST] cyc=95 state=1 miss_addr=0000000080003700 fill_v=0 fill_d[63:0]=0000000000000000
[CPC] cyc=96 slot=0 pc=00000000800036ac br=0 mis=1
[FLUSH] cyc=96 redirect_pc=00000000800036b8 full=1
[ALU2] cyc=96 pc=00000000800036e4 opa=0000000000000000 opb=0000000080004598 op=13 is_w=0 use_imm=0 imm=0000000000000000
[LDENQ0] cyc=96 pc=00000000800036f2 fu=4 rs1_phys=46 pdst=4 imm=00000000000000ee is_fused=0
[LDENQ1] cyc=96 pc=00000000800036f8 fu=4 rs1_phys=0 pdst=47 imm=00000000000010ec is_fused=1
[DQDEQ1] cyc=96 pc=00000000800036f2 fu=4 rs1_phys=46 pdst=4 imm=00000000000000ee is_fused=0 is_load=1
[DQDEQ2] cyc=96 pc=00000000800036f8 fu=4 rs1_phys=0 pdst=47 imm=00000000000010ec is_fused=1 is_load=1
[F1F2] cyc=96 f1_pc=0000000080003700 f1_v=1 f2_pc=0000000080003700 f2_v=1 ic_v=0 ic_d[63:0]=0000000000000000
[ICST] cyc=96 state=1 miss_addr=0000000080003700 fill_v=0 fill_d[63:0]=0000000000000000
[F1F2] cyc=97 f1_pc=00000000800036b8 f1_v=1 f2_pc=0000000080003700 f2_v=0 ic_v=0 ic_d[63:0]=0000000000000000
[ICST] cyc=97 state=1 miss_addr=0000000080003700 fill_v=0 fill_d[63:0]=0000000000000000
[DCFILL] cyc=98 addr=00000000800ff780 data[0..63]=0000000000000000 data[192..255]=0000000000000000
[F1F2] cyc=98 f1_pc=00000000800036b8 f1_v=1 f2_pc=00000000800036b8 f2_v=1 ic_v=1 ic_d[63:0]=6ce67c067ba67b46
[ICST] cyc=98 state=1 miss_addr=0000000080003700 fill_v=1 fill_d[63:0]=0047571b00677733
[FETCH0] cyc=99 pc=00000000800036b8 insn=00001517 is_rvc=0
[FETCH1] cyc=99 pc=00000000800036bc insn=0ec52503 is_rvc=0
[F1F2] cyc=99 f1_pc=00000000800036c0 f1_v=1 f2_pc=00000000800036b8 f2_v=1 ic_v=1 ic_d[63:0]=6ce67c067ba67b46
[ICST] cyc=99 state=0 miss_addr=0000000080003700 fill_v=0 fill_d[63:0]=0000000000000000
TIMEOUT after 100 cycles, tohost_valid=0 tohost_value=0x0
[ROBSTATE] cyc=100 head=0 tail=0 empty=1 full=0
[F1F2] cyc=100 f1_pc=00000000800036c0 f1_v=1 f2_pc=00000000800036c0 f2_v=1 ic_v=1 ic_d[63:0]=6ce67c067ba67b46
[ICST] cyc=100 state=0 miss_addr=0000000080003700 fill_v=0 fill_d[63:0]=0000000000000000
[LDENQ0] cyc=101 pc=00000000800036b8 fu=4 rs1_phys=0 pdst=1 imm=00000000000010ec is_fused=1
[DQDEQ0] cyc=101 pc=00000000800036b8 fu=4 rs1_phys=0 pdst=1 imm=00000000000010ec is_fused=1 is_load=1
[FETCH0] cyc=101 pc=00000000800036c0 insn=07013b03 is_rvc=1
[FETCH1] cyc=101 pc=00000000800036c2 insn=06813b83 is_rvc=1
[FETCH2] cyc=101 pc=00000000800036c4 insn=06013c03 is_rvc=1
[FETCH3] cyc=101 pc=00000000800036c6 insn=05813c83 is_rvc=1
[FETCH4] cyc=101 pc=00000000800036c8 insn=0b010113 is_rvc=1
[FETCH5] cyc=101 pc=00000000800036ca insn=00008067 is_rvc=1
[F1F2] cyc=101 f1_pc=00000000800036cc f1_v=1 f2_pc=00000000800036c0 f2_v=1 ic_v=1 ic_d[63:0]=6ce67c067ba67b46
[ICST] cyc=101 state=0 miss_addr=0000000080003700 fill_v=0 fill_d[63:0]=0000000000000000
[LDISS0] cyc=102 pc=00000000800036b8 fu=4 rs1=0000000000000000 imm=00000000000010ec size=2 is_unsigned=0 pdst=1 rob=0 is_fused=1 rs1_phys=0
[DCLDREQ0] cyc=102 addr=00000000800047a4 size=2
[LSUEFF0] cyc=102 eff=00000000800047a4 rs1=0000000000000000 imm=00000000000010ec pc=00000000800036b8 is_fused=1
[F1F2] cyc=102 f1_pc=00000000800036cc f1_v=1 f2_pc=00000000800036cc f2_v=1 ic_v=1 ic_d[63:0]=6ce67c067ba67b46
[ICST] cyc=102 state=0 miss_addr=0000000080003700 fill_v=0 fill_d[63:0]=0000000000000000
[LDENQ0] cyc=103 pc=00000000800036c0 fu=4 rs1_phys=10 pdst=4 imm=0000000000000070 is_fused=0
[LDENQ1] cyc=103 pc=00000000800036c2 fu=4 rs1_phys=10 pdst=11 imm=0000000000000068 is_fused=0
[DQDEQ2] cyc=103 pc=00000000800036c0 fu=4 rs1_phys=10 pdst=4 imm=0000000000000070 is_fused=0 is_load=1
[DQDEQ3] cyc=103 pc=00000000800036c2 fu=4 rs1_phys=10 pdst=11 imm=0000000000000068 is_fused=0 is_load=1
[DQDEQ4] cyc=103 pc=00000000800036c4 fu=4 rs1_phys=10 pdst=14 imm=0000000000000060 is_fused=0 is_load=1
[DQDEQ5] cyc=103 pc=00000000800036c6 fu=4 rs1_phys=10 pdst=15 imm=0000000000000058 is_fused=0 is_load=1
[FETCH0] cyc=103 pc=00000000800036cc insn=088c8cbb is_rvc=0
[FETCH1] cyc=103 pc=00000000800036d0 insn=f79460e3 is_rvc=0
[FETCH2] cyc=103 pc=00000000800036d4 insn=fbdff06f is_rvc=1
[FETCH3] cyc=103 pc=00000000800036d6 insn=00500793 is_rvc=1
[FETCH4] cyc=103 pc=00000000800036d8 insn=04a7e463 is_rvc=0
[FETCH5] cyc=103 pc=00000000800036dc insn=00001717 is_rvc=0
[F1F2] cyc=103 f1_pc=00000000800036e0 f1_v=1 f2_pc=00000000800036cc f2_v=1 ic_v=1 ic_d[63:0]=6ce67c067ba67b46
[ICST] cyc=103 state=0 miss_addr=0000000080003700 fill_v=0 fill_d[63:0]=0000000000000000
[ALU0] cyc=104 pc=00000000800036c8 opa=00000000800ff740 opb=00000000000000b0 op=0 is_w=0 use_imm=1 imm=00000000000000b0
[LDISS0] cyc=104 pc=00000000800036c0 fu=4 rs1=00000000800ff740 imm=0000000000000070 size=3 is_unsigned=0 pdst=4 rob=1 is_fused=0 rs1_phys=10
[LDISS1] cyc=104 pc=00000000800036c2 rs1=00000000800ff740 imm=0000000000000068 size=3 is_unsigned=0 pdst=11 rob=2 is_fused=0 rs1_phys=10
[LDWB0] cyc=104 rob=0 pdst=1 data=0000000000000000
[DCLDREQ0] cyc=104 addr=00000000800ff7b0 size=3
[LSUEFF0] cyc=104 eff=00000000800ff7b0 rs1=00000000800ff740 imm=0000000000000070 pc=00000000800036c0 is_fused=0
[LSUEFF1] cyc=104 eff=00000000800ff7a8 rs1=00000000800ff740 imm=0000000000000068 pc=00000000800036c2 is_fused=0
[F1F2] cyc=104 f1_pc=00000000800036e0 f1_v=1 f2_pc=00000000800036e0 f2_v=1 ic_v=1 ic_d[63:0]=6ce67c067ba67b46
[ICST] cyc=104 state=0 miss_addr=0000000080003700 fill_v=0 fill_d[63:0]=0000000000000000
[BRU_JALR] cyc=105 pc=00000000800036ca opa=0000000080002742 opb=0000000000000000 imm=0000000000000000 is_fused=0
[DCLDREQ1] cyc=105 addr=00000000800ff7a8 size=3
[FETCH0] cyc=105 pc=00000000800036e0 insn=ebc70713 is_rvc=0
[FETCH1] cyc=105 pc=00000000800036e4 insn=20e54533 is_rvc=0
[FETCH2] cyc=105 pc=00000000800036e8 insn=00052783 is_rvc=1
[FETCH3] cyc=105 pc=00000000800036ea insn=00e787b3 is_rvc=1
[FETCH4] cyc=105 pc=00000000800036ec insn=00078067 is_rvc=1
[FETCH5] cyc=105 pc=00000000800036ee insn=00001517 is_rvc=0
[F1F2] cyc=105 f1_pc=00000000800036f2 f1_v=1 f2_pc=00000000800036e0 f2_v=1 ic_v=1 ic_d[63:0]=6ce67c067ba67b46
[ICST] cyc=105 state=0 miss_addr=0000000080003700 fill_v=0 fill_d[63:0]=0000000000000000
[CPC] cyc=106 slot=0 pc=00000000800036b8 br=0 mis=0
[ALU2] cyc=106 pc=00000000800036dc opa=00000000800036dc opb=0000000000001000 op=11 is_w=0 use_imm=1 imm=0000000000001000
[ALU3] cyc=106 pc=00000000800036d6 opa=0000000000000000 opb=0000000000000005 op=0 is_w=0 use_imm=1 imm=0000000000000005
[LDWB0] cyc=106 rob=1 pdst=4 data=0000000000000000
[F1F2] cyc=106 f1_pc=00000000800036f2 f1_v=1 f2_pc=00000000800036f2 f2_v=1 ic_v=1 ic_d[63:0]=6ce67c067ba67b46
[ICST] cyc=106 state=0 miss_addr=0000000080003700 fill_v=1 fill_d[63:0]=0047571b00677733
[LDWB1] cyc=107 rob=2 pdst=11 data=0000000000000000
[LDENQ0] cyc=107 pc=00000000800036e8 fu=4 rs1_phys=39 pdst=40 imm=0000000000000000 is_fused=0
[DQDEQ5] cyc=107 pc=00000000800036e8 fu=4 rs1_phys=39 pdst=40 imm=0000000000000000 is_fused=0 is_load=1
[FETCH0] cyc=107 pc=00000000800036f2 insn=0ee52503 is_rvc=0
[FETCH1] cyc=107 pc=00000000800036f6 insn=00008067 is_rvc=1
[FETCH2] cyc=107 pc=00000000800036f8 insn=00001517 is_rvc=0
[FETCH3] cyc=107 pc=00000000800036fc insn=0ec52503 is_rvc=0
[F1F2] cyc=107 f1_pc=0000000080003700 f1_v=1 f2_pc=00000000800036f2 f2_v=1 ic_v=1 ic_d[63:0]=6ce67c067ba67b46
[ICST] cyc=107 state=0 miss_addr=0000000080003700 fill_v=0 fill_d[63:0]=0000000000000000
PERF: mcycle=108 minstret=44
PERF: IPC=0.4074 (44 instr / 108 cycles)
