=== dhrystone_100_checkedin ===
=== dhrystone_300_stage1_anchor ===
=== coremark_iter10_checkedin ===
=== coremark_iter1_generalization ===
=== frontend_mixed_branch_dense ===
=== frontend_data_dep_branch ===
=== frontend_call_return_mimic ===
=== frontend_taken_loop_100 ===
=== frontend_jump_table_c ===
=== memory_struct_c ===
=== memory_array_c ===
=== backend_independent_quad ===
=== backend_alu_chain_8 ===
=== hotspot_string_retire ===
=== hotspot_state_crc_branch ===
=== hotspot_matrix_store ===
name                 class    mech_class                 gate       status    mcycle      minstret    ipc       legacy_lb decop_act metric
------------------------------------------------------------------------------------------------------------------------------------------------------------
dhrystone_100_checkedin signoff  default_rtl                PASS       PASS           13698       35515  2.592714         0         0 4.260757 DMIPS/MHz
dhrystone_300_stage1_anchor signoff  default_rtl                PASS       PASS           40298      105715  2.623331         0         0 4.273127 DMIPS/MHz
coremark_iter10_checkedin signoff  default_rtl                PASS       PASS         1468239     3197420  2.177724         0         0 6.851483 CoreMark/MHz
coremark_iter1_generalization signoff  default_rtl                PASS       PASS          159083      332153  2.087923         0         0 6.649113 CoreMark/MHz
frontend_mixed_branch_dense signoff  default_rtl                PASS       PASS            6015       11513  1.914048         0         0 -
frontend_data_dep_branch signoff  default_rtl                PASS       PASS           12320       13514  1.096916         0         0 -
frontend_call_return_mimic signoff  default_rtl                PASS       PASS            4827       13113  2.716594         0         0 -
frontend_taken_loop_100 signoff  default_rtl                PASS       PASS             227         710  3.127753         0         0 -
frontend_jump_table_c signoff  default_rtl                PASS       PASS              46          50  1.086957         0         0 -
memory_struct_c      signoff  default_rtl                PASS       PASS              63          62  0.984127         0         0 -
memory_array_c       signoff  default_rtl                PASS       PASS              88         110  1.250000         0         0 -
backend_independent_quad signoff  default_rtl                PASS       PASS            6029       10024  1.662631         0         0 -
backend_alu_chain_8  signoff  default_rtl                PASS       PASS            3036       10010  3.297101         0         0 -
hotspot_string_retire signoff  default_rtl                PASS       PASS          107371      234917  2.187900         0         0 -
hotspot_state_crc_branch signoff  default_rtl                PASS       PASS          133759      156692  1.171450         0         0 -
hotspot_matrix_store signoff  default_rtl                PASS       PASS           84365      253255  3.001897         0         0 -
