Copyright (C) 2017-2025 Altair Engineering Inc. All rights reserved.
=N:[UsageMeter (2026-06-05 10:10:48 -0700)] Using /etc/ssl/certs as location of CA certificates to verify license server.
=N:[UsageMeter (2026-06-05 10:10:49 -0700)] usage server initial connection
=N:[License] 
********************************************************************************

[DSIM LICENSE NOTICE]

The free license for DSim on-prem is scheduled to expire on September 1st.

To ensure uninterrupted service after this date, please transition your

environment to use Altair licensing.

KEY DATES:

Sept 1st: Free On-Prem licenses and DSim Cloud services discontinued.

Oct 15th: All DSim Cloud data will be permanently deleted.

For migration instructions and Altair licensing details, visit: altair.com/dsim

********************************************************************************
=N:[License] New lease granted.
Analyzing...
=N:[DisabledSvaFeature]:
    The following SVA features are being disabled:    

    external/cvfpu-src/src/common_cells/src/rr_arb_tree.sv:173:17    Assert property statement    

    external/cvfpu-src/src/common_cells/src/rr_arb_tree.sv:180:21    Assume statement             

    src/rtl/sim/fetch_frontend_assertions.sv:88:5                    Properties                   

Elaborating...
  Top-level modules:
    $unit
    tb_xsim
  Found 119 unique specialization(s) of 89 design element(s).
=W:[MissingTimescale]:
    It is illegal for some design elements to have time specifications    
    while others don't.  A complete time specification includes           
    both a time unit and time precision.                                  

        Have complete time spec    Have no/incomplete time spec        

        tb_xsim                    alu                                 
                                   bpu                                 
                                   bpu_dynamic_profiler                
                                   branch_recovery_contract_checker    
                                   bru                                 
                                   btb                                 
                                   bypass_network                      
                                   cf_math_pkg                         
                                   checkpoint                          
                                   commit                              
                                   committed_store_buffer              
                                   control_mvp                         
                                   csr_file                            
                                   dcache                              
                                   dcache_data_ram                     
                                   dcache_tag_ram                      
                                   decode                              
                                   decode_slice                        
                                   defs_div_sqrt_mvp                   
                                   dispatch_queue                      
                                   div_sqrt_top_mvp                    
                                   divider                             
                                   dtlb                                
                                   fetch_delivery_checker              
                                   fetch_frontend_assertions           
                                   fetch_frontend_profiler             
                                   fetch_owner_checker                 
                                   fetch_packet_buffer                 
                                   fetch_top                           
                                   fetch_trace_probe                   
                                   fmv_unit                            
                                   fp_prf                              
                                   fpnew_cast_multi                    
                                   fpnew_classifier                    
                                   fpnew_divsqrt_multi                 
                                   fpnew_fma                           
                                   fpnew_noncomp                       
                                   fpnew_opgroup_block                 
                                   fpnew_opgroup_fmt_slice             
                                   fpnew_opgroup_multifmt_slice        
                                   fpnew_pkg                           
                                   fpnew_rounding                      
                                   fpnew_top                           
                                   fpu_fpnew_wrapper                   
                                   fpu_misc                            
                                   fpu_pkg                             
                                   fpu_top                             
                                   free_list                           
                                   ftq                                 
                                   fusion_detector                     
                                   ibuffer                             
                                   icache                              
                                   icache_data_ram                     
                                   icache_resp_queue                   
                                   icache_tag_ram                      
                                   ifu                                 
                                   ifu_duplicate_guard                 
                                   ifu_line_fetch                      
                                   instr_boundary                      
                                   instr_compact                       
                                   int_prf                             
                                   isa_pkg                             
                                   issue_queue                         
                                   iteration_div_sqrt_mvp              
                                   itlb                                
                                   l2_cache                            
                                   load_queue                          
                                   lsu                                 
                                   lzc                                 
                                   mmu_mem_profiler                    
                                   multiplier                          
                                   next_line_prefetch_buffer           
                                   norm_div_sqrt_mvp                   
                                   nrbd_nrsc_mvp                       
                                   pred_checker                        
                                   predecode                           
                                   preprocess_mvp                      
                                   ptw                                 
                                   ras                                 
                                   rat                                 
                                   rename                              
                                   rob                                 
                                   rr_arb_tree                         
                                   rv64gc_core_top                     
                                   rv64gc_pkg                          
                                   rvc_decompress                      
                                   rvc_expander                        
                                   sim_memory                          
                                   store_queue                         
                                   tage_sc_l                           
                                   tb_top                              
                                   uarch_pkg                           

=W:[MultiBlockWrite]:
    The following variables are written by at least one    
    always_comb/latch/ff block, and some other block:      

    dirty_arr              src/rtl/core/cache/dcache_tag_ram.sv:59:5    
                           src/rtl/core/cache/dcache_tag_ram.sv:69:5    

    valid_arr              src/rtl/core/cache/dcache_tag_ram.sv:59:5    
                           src/rtl/core/cache/dcache_tag_ram.sv:69:5    

    golden_tripped_r       src/tb/tb_top.sv:261:5                       
                           src/tb/tb_top.sv:6122:5                      

    valid_arr              src/rtl/core/cache/icache_tag_ram.sv:44:5    
                           src/rtl/core/cache/icache_tag_ram.sv:53:5    

    regfile_copy3          src/rtl/core/regfile/fp_prf.sv:37:5          
                           src/rtl/core/regfile/fp_prf.sv:27:5          

    regfile_copy3          src/rtl/core/regfile/int_prf.sv:54:5         
                           src/rtl/core/regfile/int_prf.sv:66:5         

    golden_seq_r           src/tb/tb_top.sv:261:5                       
                           src/tb/tb_top.sv:6122:5                      

    regfile_copy4          src/rtl/core/regfile/int_prf.sv:54:5         
                           src/rtl/core/regfile/int_prf.sv:66:5         

    rob_checkpoint_tail    src/rtl/core/rv64gc_core_top.sv:1368:5       
                           src/rtl/core/rv64gc_core_top.sv:692:5        

    regfile_copy0          src/rtl/core/regfile/fp_prf.sv:37:5          
                           src/rtl/core/regfile/fp_prf.sv:27:5          

    regfile_copy5          src/rtl/core/regfile/int_prf.sv:54:5         
                           src/rtl/core/regfile/int_prf.sv:66:5         

    rob_checkpoint_id      src/rtl/core/rv64gc_core_top.sv:1368:5       
                           src/rtl/core/rv64gc_core_top.sv:692:5        

    regfile_copy1          src/rtl/core/regfile/int_prf.sv:54:5         
                           src/rtl/core/regfile/int_prf.sv:66:5         

    rename_buf             src/rtl/core/rv64gc_core_top.sv:1368:5       
                           src/rtl/core/rv64gc_core_top.sv:692:5        

    rob_uses_checkpoint    src/rtl/core/rv64gc_core_top.sv:1368:5       
                           src/rtl/core/rv64gc_core_top.sv:692:5        

    regfile_copy0          src/rtl/core/regfile/int_prf.sv:54:5         
                           src/rtl/core/regfile/int_prf.sv:66:5         

    regfile_copy1          src/rtl/core/regfile/fp_prf.sv:37:5          
                           src/rtl/core/regfile/fp_prf.sv:27:5          

    regfile_copy2          src/rtl/core/regfile/int_prf.sv:54:5         
                           src/rtl/core/regfile/int_prf.sv:66:5         

    regfile_copy2          src/rtl/core/regfile/fp_prf.sv:37:5          
                           src/rtl/core/regfile/fp_prf.sv:27:5          

    mem                    src/rtl/sim/sim_memory.sv:51:5               
                           src/rtl/sim/sim_memory.sv:74:5               

Optimizing...
Building models...
PLI/VPI access: +rwb 
Simulation time precision is 1ps.
  [1/67] module $root: 1144 functions, 2359 basic blocks
  [2/67] module $pkgs: 1 functions, 2 basic blocks
  [3/67] CU scope $unit: 1 functions, 2 basic blocks
  [4/67] module tb_xsim: 13 functions, 72 basic blocks
  [5/67] package std: 23 functions, 64 basic blocks
  [6/67] package defs_div_sqrt_mvp: 1 functions, 2 basic blocks
  [7/67] package rv64gc_pkg: 1 functions, 2 basic blocks
  [8/67] package fpu_pkg: 50 functions, 237 basic blocks
  [9/67] package isa_pkg: 1 functions, 2 basic blocks
  [10/67] package fpnew_pkg: 76 functions, 409 basic blocks
  [11/67] package cf_math_pkg: 1 functions, 2 basic blocks
  [12/67] package uarch_pkg: 50 functions, 287 basic blocks
  [13/67] module tb_top: 560 functions, 9108 basic blocks
  [14/67] module rv64gc_core_top#(0,0,0,0,0,0,0): 722 functions, 6133 basic blocks
  [15/67] module sim_memory#(2097152): 9 functions, 555 basic blocks
  [16/67] module fetch_top: 779 functions, 4564 basic blocks
  [17/67] module decode: 13 functions, 85 basic blocks
  [18/67] module fusion_detector: 24 functions, 631 basic blocks
  [19/67] module rename: 186 functions, 3365 basic blocks
  [20/67] module rob: 46 functions, 4147 basic blocks
  [21/67] module dispatch_queue: 22 functions, 1169 basic blocks
  [22/67] module issue_queue#(24,2,2,1,0): 21 functions, 1061 basic blocks
  [23/67] module issue_queue#(24,2,1,1,0): 20 functions, 967 basic blocks
  [24/67] module issue_queue#(32,2,2,0,0): 21 functions, 1135 basic blocks
  [25/67] module issue_queue#(32,2,1,0,0): 20 functions, 1038 basic blocks
  [26/67] module int_prf: 17 functions, 266 basic blocks
  [27/67] module fp_prf: 17 functions, 138 basic blocks
  [28/67] module bypass_network: 3 functions, 30 basic blocks
  [29/67] module alu: 32 functions, 281 basic blocks
  [30/67] module fpu_top: 34 functions, 686 basic blocks
  [31/67] module bru: 17 functions, 150 basic blocks
  [32/67] module multiplier: 11 functions, 99 basic blocks
  [33/67] module divider: 24 functions, 418 basic blocks
  [34/67] module lsu: 644 functions, 7332 basic blocks
  [35/67] module dcache: 199 functions, 2936 basic blocks
  [36/67] module l2_cache: 54 functions, 1709 basic blocks
  [37/67] module commit: 37 functions, 865 basic blocks
  [38/67] module csr_file: 30 functions, 1656 basic blocks
  [39/67] module itlb#(16,4): 11 functions, 181 basic blocks
  [40/67] module dtlb#(32,5): 15 functions, 280 basic blocks
  [41/67] module ptw: 34 functions, 301 basic blocks
  [42/67] module mmu_mem_profiler: 7 functions, 138 basic blocks
  [43/67] module ifu: 52 functions, 616 basic blocks
  [44/67] module ifu_line_fetch#(4,3): 314 functions, 1727 basic blocks
  [45/67] module bpu: 287 functions, 5773 basic blocks
  [46/67] module fetch_frontend_profiler: 116 functions, 1975 basic blocks
  [47/67] module decode_slice: 16 functions, 556 basic blocks
  [48/67] module fpu_fpnew_wrapper: 20 functions, 140 basic blocks
  [49/67] module next_line_prefetch_buffer: 27 functions, 176 basic blocks
  [50/67] module icache_resp_queue#(4): 14 functions, 137 basic blocks
  [51/67] module fpnew_top#(43'h00000020383,682'h0000000000000000000000000000000000000000000000000000000000000000000000000000000000000000000000000000000000000000000000000000000000000000000000000000000000000000155aa955aa8,0,struct packed{logic[6:0]rob_idx;logic[7:0]pdst},0,0): 85 functions, 549 basic blocks
  [52/67] module fpnew_opgroup_block#(0,64,0,0,24,3,160'h0000000000000000000000000000000000000000,341,0,struct packed{logic[6:0]rob_idx;logic[7:0]pdst},0): 134 functions, 754 basic blocks
  [53/67] module fpnew_opgroup_block#(1,64,0,0,24,3,160'h0000000000000000000000000000000000000000,682,0,struct packed{logic[6:0]rob_idx;logic[7:0]pdst},0): 99 functions, 619 basic blocks
  [54/67] module fpnew_opgroup_block#(2,64,0,0,24,3,160'h0000000000000000000000000000000000000000,341,0,struct packed{logic[6:0]rob_idx;logic[7:0]pdst},0): 138 functions, 769 basic blocks
  [55/67] module fpnew_opgroup_block#(3,64,0,0,24,3,160'h0000000000000000000000000000000000000000,682,0,struct packed{logic[6:0]rob_idx;logic[7:0]pdst},0): 241 functions, 1823 basic blocks
  [56/67] module fpnew_fma#(0,0,0,struct packed{logic[6:0]rob_idx;logic[7:0]pdst},logic): 115 functions, 976 basic blocks
  [57/67] module fpnew_fma#(1,0,0,struct packed{logic[6:0]rob_idx;logic[7:0]pdst},logic): 116 functions, 1471 basic blocks
  [58/67] module fpnew_divsqrt_multi#(24,0,0,struct packed{logic[6:0]rob_idx;logic[7:0]pdst},logic[4:0]): 155 functions, 1830 basic blocks
  [59/67] module fpnew_noncomp#(0,0,0,struct packed{logic[6:0]rob_idx;logic[7:0]pdst},logic): 44 functions, 263 basic blocks
  [60/67] module fpnew_noncomp#(1,0,0,struct packed{logic[6:0]rob_idx;logic[7:0]pdst},logic): 44 functions, 263 basic blocks
  [61/67] module fpnew_classifier#(0,1): 2 functions, 30 basic blocks
  [62/67] module fpnew_classifier#(1,1): 2 functions, 30 basic blocks
  [63/67] module fpnew_classifier#(0,3): 4 functions, 101 basic blocks
  [64/67] module fpnew_classifier#(1,3): 4 functions, 101 basic blocks
  [65/67] module nrbd_nrsc_mvp: 121 functions, 1332 basic blocks
  [66/67] module fpnew_classifier#(0,2): 3 functions, 68 basic blocks
  [67/67] module fpnew_classifier#(1,2): 3 functions, 68 basic blocks
Linking tb_image.so...
  Altair DSim version: 2026.0.0 (b:R #c:127 h:14cc828913 os:rocky_8.10)

DSim build OK.  Image at dsim_work/tb_image.so
Run with:  scripts/run_dsim.sh <hex_path> [MAX_CYCLES] [extra_plusargs...]
=== dhrystone_100_checkedin ===
=== dhrystone_300_stage1_anchor ===
=== coremark_iter10_checkedin ===
=== coremark_iter1_generalization ===
name                 class    mech_class                 gate       status    mcycle      minstret    ipc       legacy_lb decop_act metric
------------------------------------------------------------------------------------------------------------------------------------------------------------
dhrystone_100_checkedin dse      default_rtl                DSE_ONLY   PASS           13698       35515  2.592714         0         0 4.260757 DMIPS/MHz
dhrystone_300_stage1_anchor dse      default_rtl                DSE_ONLY   PASS           40298      105715  2.623331         0         0 4.273127 DMIPS/MHz
coremark_iter10_checkedin dse      default_rtl                DSE_ONLY   PASS         1468221     3197420  2.177751         0         0 6.851568 CoreMark/MHz
coremark_iter1_generalization dse      default_rtl                DSE_ONLY   PASS          159083      332153  2.087923         0         0 6.649113 CoreMark/MHz
+ scripts/build_dsim.sh
+ /usr/bin/python3 tools/run_benchmarks.py --runner dsim --run-class dse --manifest tests/benchmarks/stage1_signoff.json --mechanism-name stage3_linux_rtl_guard --mechanism-class default_rtl --run-dir /home/jeremycai/agent-workspace/rv64gc-v2/benchmark_results/stage3_rtl_guard_20260605_101048 --max-cycles 10000000 --skip-golden-pc --bench dhrystone_100_checkedin --bench dhrystone_300_stage1_anchor --bench coremark_iter1_generalization --bench coremark_iter10_checkedin --plusarg +FETCH_DELIVERY_CHECK --plusarg +FETCH_DELIVERY_STRICT --plusarg +FETCH_OWNER_CHECK --plusarg +FETCH_OWNER_STRICT --plusarg +BRANCH_RECOVERY_CHECK --plusarg +BRANCH_RECOVERY_STRICT --plusarg +PERF_PROFILE --plusarg +PERF_COUNTERS --plusarg +STAT_DUMP --plusarg +BOTTLENECK_PROFILE

Stage 3 RTL guard summary:
maximum allowed performance regression: 1.0000%
timed cycles are diagnostic; metrics are the hard performance gate
benchmark                         cycles   cycle_ref  cycle_delta%       metric      metric_min
dhrystone_100_checkedin              13358.0       18161     -26.44678 4.260757325754412     3.102585
dhrystone_300_stage1_anchor          39958.0       53469     -25.26885 4.273126509642181     3.161423
coremark_iter1_generalization       150396.0      154233      -2.48779 6.649113008324689     6.418860
coremark_iter10_checkedin          1459520.0     1491334      -2.13326 6.851567638675729     6.638352

PASS: DS/CM performance metrics preserved within the Stage 3 1.0000% regression tolerance.
